2025-06-14 00:23:48 INFO  LoggerHandler - Loading Animation Visible
2025-06-14 00:23:50 INFO  LoggerHandler - Loading Animation Invisible
2025-06-14 00:23:50 INFO  LoggerHandler - Loader visible for: 3 seconds
2025-06-14 00:23:50 INFO  LoggerHandler - Loading animation is normal 
2025-06-14 00:23:51 INFO  LoggerHandler - Clicked on My Dreams Button
2025-06-14 00:23:51 INFO  LoggerHandler - Dreams Diary
2025-06-14 00:23:51 INFO  LoggerHandler - Validated Dream Types Successfully
2025-06-14 00:23:51 INFO  LoggerHandler - Validated Dream Types Successfully
2025-06-14 00:23:51 INFO  LoggerHandler - Validated Dream Types Successfully
2025-06-14 00:23:51 INFO  LoggerHandler - Validated Dream Types Successfully
2025-06-14 00:23:51 INFO  LoggerHandler - Validated Dream Types Successfully
2025-06-14 00:23:51 INFO  LoggerHandler - Validated Dream Types Successfully
2025-06-14 00:23:51 INFO  LoggerHandler - Validated Dream Types Successfully
2025-06-14 00:23:51 INFO  LoggerHandler - Validated Dream Types Successfully
2025-06-14 00:23:51 INFO  LoggerHandler - Validated Dream Types Successfully
2025-06-14 00:23:52 INFO  LoggerHandler - Validated Dream Types Successfully
2025-06-14 00:33:59 INFO  LoggerHandler - Loading Animation Visible
2025-06-14 00:34:01 INFO  LoggerHandler - Loading Animation Invisible
2025-06-14 00:34:01 INFO  LoggerHandler - Loader visible for: 3 seconds
2025-06-14 00:34:01 INFO  LoggerHandler - Loading animation is normal 
2025-06-14 00:34:02 INFO  LoggerHandler - Clicked on My Dreams Button
2025-06-14 00:34:02 INFO  LoggerHandler - Dreams Diary
2025-06-14 00:34:02 INFO  LoggerHandler - Validated Dream Types Successfully
2025-06-14 00:34:02 INFO  LoggerHandler - Validated Dream Types Successfully
2025-06-14 00:34:02 INFO  LoggerHandler - Validated Dream Types Successfully
2025-06-14 00:34:02 INFO  LoggerHandler - Validated Dream Types Successfully
2025-06-14 00:34:02 INFO  LoggerHandler - Validated Dream Types Successfully
2025-06-14 00:34:02 INFO  LoggerHandler - Validated Dream Types Successfully
2025-06-14 00:34:02 INFO  LoggerHandler - Validated Dream Types Successfully
2025-06-14 00:34:02 INFO  LoggerHandler - Validated Dream Types Successfully
2025-06-14 00:34:02 INFO  LoggerHandler - Validated Dream Types Successfully
2025-06-14 00:34:02 INFO  LoggerHandler - Validated Dream Types Successfully
2025-06-14 09:21:02 INFO  LoggerHandler - Loading Animation Visible
2025-06-14 09:21:05 INFO  LoggerHandler - Loading Animation Invisible
2025-06-14 09:21:05 INFO  LoggerHandler - Loader visible for: 3 seconds
2025-06-14 09:21:05 INFO  LoggerHandler - Loading animation is normal 
2025-06-14 09:21:05 INFO  LoggerHandler - Clicked on My Dreams Button
2025-06-14 09:21:05 INFO  LoggerHandler - Dreams Diary
2025-06-14 09:21:06 INFO  LoggerHandler - Validated Dream Types Successfully
2025-06-14 09:21:06 INFO  LoggerHandler - Validated Dream Types Successfully
2025-06-14 09:21:06 INFO  LoggerHandler - Validated Dream Types Successfully
2025-06-14 09:21:06 INFO  LoggerHandler - Validated Dream Types Successfully
2025-06-14 09:21:06 INFO  LoggerHandler - Validated Dream Types Successfully
2025-06-14 09:21:06 INFO  LoggerHandler - Validated Dream Types Successfully
2025-06-14 09:21:06 INFO  LoggerHandler - Validated Dream Types Successfully
2025-06-14 09:21:06 INFO  LoggerHandler - Validated Dream Types Successfully
2025-06-14 09:21:06 INFO  LoggerHandler - Validated Dream Types Successfully
2025-06-14 09:21:06 INFO  LoggerHandler - Validated Dream Types Successfully
2025-06-14 09:49:39 INFO  LoggerHandler - Loading Animation Visible
2025-06-14 09:49:41 INFO  LoggerHandler - Loading Animation Invisible
2025-06-14 09:49:41 INFO  LoggerHandler - Loader visible for: 3 seconds
2025-06-14 09:49:41 INFO  LoggerHandler - Loading animation is normal 
2025-06-14 09:49:42 INFO  LoggerHandler - Clicked on My Dreams Button
2025-06-14 09:49:42 INFO  LoggerHandler - Dreams Diary
2025-06-14 09:49:52 ERROR LoggerHandler - Click on My Dream Button Failed
2025-06-14 09:51:15 INFO  LoggerHandler - Loading Animation Visible
2025-06-14 09:51:18 INFO  LoggerHandler - Loading Animation Invisible
2025-06-14 09:51:18 INFO  LoggerHandler - Loader visible for: 3 seconds
2025-06-14 09:51:18 INFO  LoggerHandler - Loading animation is normal 
2025-06-14 09:51:18 INFO  LoggerHandler - Clicked on My Dreams Button
2025-06-14 09:51:18 INFO  LoggerHandler - Dreams Diary
2025-06-14 09:52:05 INFO  LoggerHandler - Loading Animation Visible
2025-06-14 09:52:07 INFO  LoggerHandler - Loading Animation Invisible
2025-06-14 09:52:07 INFO  LoggerHandler - Loader visible for: 3 seconds
2025-06-14 09:52:07 INFO  LoggerHandler - Loading animation is normal 
2025-06-14 09:52:08 INFO  LoggerHandler - Clicked on My Dreams Button
2025-06-14 09:52:11 INFO  LoggerHandler - Dreams Diary
2025-06-14 09:54:50 INFO  LoggerHandler - Loading Animation Visible
2025-06-14 09:54:52 INFO  LoggerHandler - Loading Animation Invisible
2025-06-14 09:54:52 INFO  LoggerHandler - Loader visible for: 3 seconds
2025-06-14 09:54:52 INFO  LoggerHandler - Loading animation is normal
2025-06-14 09:54:52 INFO  LoggerHandler - Clicked on My Dreams Button
2025-06-14 09:54:55 INFO  LoggerHandler - Dreams Diary
2025-06-14 09:55:05 ERROR LoggerHandler - Click on My Dream Button Failed
2025-06-14 09:56:10 INFO  LoggerHandler - Loading Animation Visible
2025-06-14 09:56:12 INFO  LoggerHandler - Loading Animation Invisible
2025-06-14 09:56:12 INFO  LoggerHandler - Loader visible for: 3 seconds
2025-06-14 09:56:12 INFO  LoggerHandler - Loading animation is normal
2025-06-14 09:56:13 INFO  LoggerHandler - Clicked on My Dreams Button
2025-06-14 09:56:16 INFO  LoggerHandler - Dreams Diary
2025-06-14 09:56:23 INFO  LoggerHandler - Clicked on My Dreams Button
2025-06-14 10:52:10 INFO  LoggerHandler - Loading Animation Visible
2025-06-14 10:52:13 INFO  LoggerHandler - Loading Animation Invisible
2025-06-14 10:52:13 INFO  LoggerHandler - Loader visible for: 3 seconds
2025-06-14 10:52:13 INFO  LoggerHandler - Loading animation is normal
2025-06-14 10:52:13 INFO  LoggerHandler - Clicked on My Dreams Button
2025-06-14 10:52:16 INFO  LoggerHandler - Dreams Diary
2025-06-14 10:52:23 INFO  LoggerHandler - Clicked on My Dreams Button
2025-06-14 10:52:23 INFO  LoggerHandler - Switched to Correct Window
2025-06-14 11:25:15 INFO  LoggerHandler - Clicked on My Dreams Button
2025-06-14 11:26:25 INFO  LoggerHandler - Clicked on My Dreams Button
2025-06-14 11:26:25 INFO  LoggerHandler - Dream entries matched
2025-06-14 11:26:25 INFO  LoggerHandler - Validation Successful
2025-06-14 11:28:25 INFO  LoggerHandler - Clicked on My Dreams Button
2025-06-14 11:28:25 INFO  LoggerHandler - Dream entries matched
2025-06-14 11:28:25 INFO  LoggerHandler - Validation Successful
2025-06-14 11:30:14 INFO  LoggerHandler - Clicked on My Dreams Button
2025-06-14 11:30:15 INFO  LoggerHandler - Dreams Diary
2025-06-14 11:30:15 INFO  LoggerHandler - Dream entries matched
2025-06-14 11:30:15 INFO  LoggerHandler - Validation Successful
2025-06-14 12:30:01 INFO  LoggerHandler - Clicked on My Dreams Button
2025-06-14 12:30:01 INFO  LoggerHandler - Dreams Diary
2025-06-14 12:30:01 INFO  LoggerHandler - Dream entries matched
2025-06-14 12:30:01 INFO  LoggerHandler - Validation Successful
2025-06-14 12:31:40 INFO  LoggerHandler - Clicked on My Dreams Button
2025-06-14 12:31:40 INFO  LoggerHandler - Dreams Diary
2025-06-14 12:31:40 INFO  LoggerHandler - Dream entries matched
2025-06-14 12:31:41 INFO  LoggerHandler - Validation Successful
2025-06-14 12:33:55 INFO  LoggerHandler - Clicked on My Dreams Button
2025-06-14 12:33:55 INFO  LoggerHandler - Dreams Diary
2025-06-14 12:33:55 INFO  LoggerHandler - Dream entries matched
2025-06-14 12:33:55 INFO  LoggerHandler - Validation Successful
2025-06-14 12:33:55 INFO  LoggerHandler - verified SuccessfullyDream Name
2025-06-14 12:33:55 INFO  LoggerHandler - verified SuccessfullyDays Ago
2025-06-14 12:33:55 INFO  LoggerHandler - verified SuccessfullyDream Type
2025-06-14 12:34:27 INFO  LoggerHandler - Clicked on My Dreams Button
2025-06-14 12:34:27 INFO  LoggerHandler - Dreams Diary
2025-06-14 12:34:27 INFO  LoggerHandler - Dream entries matched
2025-06-14 12:34:27 INFO  LoggerHandler - Validation Successful
2025-06-14 12:34:27 INFO  LoggerHandler - verified Successfully Dream Name
2025-06-14 12:34:27 INFO  LoggerHandler - verified Successfully Days Ago
2025-06-14 12:34:27 INFO  LoggerHandler - verified Successfully Dream Type
2025-06-14 18:39:19 INFO  LoggerHandler - Clicked on My Dreams Button
2025-06-14 18:39:19 INFO  LoggerHandler - Dreams Diary
2025-06-14 18:39:19 INFO  LoggerHandler - Dream entries matched
2025-06-14 18:39:19 INFO  LoggerHandler - Validation Successful
2025-06-14 18:39:19 INFO  LoggerHandler - verified Successfully Dream Name
2025-06-14 18:39:19 INFO  LoggerHandler - verified Successfully Days Ago
2025-06-14 18:39:19 INFO  LoggerHandler - verified Successfully Dream Type
2025-06-14 18:39:26 INFO  LoggerHandler - Clicked on My Dreams Button
2025-06-14 18:39:26 INFO  LoggerHandler - Switched to Dream Title Tab
2025-06-14 18:45:23 INFO  LoggerHandler - Clicked on My Dreams Button
2025-06-14 18:45:23 INFO  LoggerHandler - Dreams Diary
2025-06-14 18:45:23 INFO  LoggerHandler - Dream entries matched
2025-06-14 18:45:24 INFO  LoggerHandler - Validation Successful
2025-06-14 18:45:24 INFO  LoggerHandler - verified Successfully Dream Name
2025-06-14 18:45:24 INFO  LoggerHandler - verified Successfully Days Ago
2025-06-14 18:45:24 INFO  LoggerHandler - verified Successfully Dream Type
2025-06-14 18:45:30 INFO  LoggerHandler - Clicked on My Dreams Button
2025-06-14 18:45:30 INFO  LoggerHandler - Switched to Dream Title Tab
2025-06-14 18:49:47 INFO  LoggerHandler - Clicked on My Dreams Button
2025-06-14 18:49:47 INFO  LoggerHandler - Dreams Diary
2025-06-14 18:49:47 INFO  LoggerHandler - Dream entries matched
2025-06-14 18:49:47 INFO  LoggerHandler - Validation Successful
2025-06-14 18:49:47 INFO  LoggerHandler - verified Successfully Dream Name
2025-06-14 18:49:47 INFO  LoggerHandler - verified Successfully Days Ago
2025-06-14 18:49:47 INFO  LoggerHandler - verified Successfully Dream Type
2025-06-14 18:49:53 INFO  LoggerHandler - Clicked on My Dreams Button
2025-06-14 18:49:53 INFO  LoggerHandler - Switched to Dream Title Tab
2025-06-14 18:55:15 INFO  LoggerHandler - Clicked on My Dreams Button
2025-06-14 18:55:15 INFO  LoggerHandler - Dreams Diary
2025-06-14 18:55:15 INFO  LoggerHandler - Dream entries matched
2025-06-14 18:55:15 INFO  LoggerHandler - Validation Successful
2025-06-14 18:55:15 INFO  LoggerHandler - verified Successfully Dream Name
2025-06-14 18:55:15 INFO  LoggerHandler - verified Successfully Days Ago
2025-06-14 18:55:15 INFO  LoggerHandler - verified Successfully Dream Type
2025-06-14 18:55:22 INFO  LoggerHandler - Clicked on My Dreams Button
2025-06-14 18:55:22 INFO  LoggerHandler - Switched to Dream Title Tab
2025-06-14 18:56:21 INFO  LoggerHandler - Clicked on My Dreams Button
2025-06-14 18:56:21 INFO  LoggerHandler - Dreams Diary
2025-06-14 18:56:21 INFO  LoggerHandler - Dream entries matched
2025-06-14 18:56:21 INFO  LoggerHandler - Validation Successful
2025-06-14 18:56:21 INFO  LoggerHandler - verified Successfully Dream Name
2025-06-14 18:56:21 INFO  LoggerHandler - verified Successfully Days Ago
2025-06-14 18:56:21 INFO  LoggerHandler - verified Successfully Dream Type
2025-06-14 18:56:28 INFO  LoggerHandler - Clicked on My Dreams Button
2025-06-14 18:56:28 INFO  LoggerHandler - Switched to Dream Title Tab
2025-06-14 20:04:40 INFO  LoggerHandler - Clicked on My Dreams Button
2025-06-14 20:04:41 INFO  LoggerHandler - Dreams Diary
2025-06-14 20:04:41 INFO  LoggerHandler - Dream entries matched
2025-06-14 20:04:41 INFO  LoggerHandler - Validation Successful
2025-06-14 20:04:41 INFO  LoggerHandler - verified Successfully Dream Name
2025-06-14 20:04:41 INFO  LoggerHandler - verified Successfully Days Ago
2025-06-14 20:04:41 INFO  LoggerHandler - verified Successfully Dream Type
2025-06-14 20:04:47 INFO  LoggerHandler - Clicked on My Dreams Button
2025-06-14 20:04:47 INFO  LoggerHandler - Switched to Dream Title Tab
2025-06-14 20:04:48 INFO  LoggerHandler - Switched to Dream Total Tab
2025-06-14 20:28:12 INFO  LoggerHandler - Clicked on My Dreams Button
2025-06-14 20:28:12 INFO  LoggerHandler - Dreams Diary
2025-06-14 20:28:12 INFO  LoggerHandler - Dream entries matched
2025-06-14 20:28:13 INFO  LoggerHandler - Validation Successful
2025-06-14 20:28:13 INFO  LoggerHandler - verified Successfully Dream Name
2025-06-14 20:28:13 INFO  LoggerHandler - verified Successfully Days Ago
2025-06-14 20:28:13 INFO  LoggerHandler - verified Successfully Dream Type
2025-06-14 20:28:19 INFO  LoggerHandler - Clicked on My Dreams Button
2025-06-14 20:28:19 INFO  LoggerHandler - Switched to Dream Title Tab
2025-06-14 20:28:19 INFO  LoggerHandler - Switched to Dream Diary Tab
2025-06-14 20:29:58 INFO  LoggerHandler - Clicked on My Dreams Button
2025-06-14 20:29:58 INFO  LoggerHandler - Dreams Diary
2025-06-14 20:29:58 INFO  LoggerHandler - Dream entries matched
2025-06-14 20:29:58 INFO  LoggerHandler - Validation Successful
2025-06-14 20:29:58 INFO  LoggerHandler - verified Successfully Dream Name
2025-06-14 20:29:58 INFO  LoggerHandler - verified Successfully Days Ago
2025-06-14 20:29:59 INFO  LoggerHandler - verified Successfully Dream Type
2025-06-14 20:30:05 INFO  LoggerHandler - Clicked on My Dreams Button
2025-06-14 20:30:05 INFO  LoggerHandler - Switched to Dream Title Tab
2025-06-14 20:30:05 INFO  LoggerHandler - Switched to Dream Diary Tab
2025-06-14 20:32:12 INFO  LoggerHandler - Clicked on My Dreams Button
2025-06-14 20:32:12 INFO  LoggerHandler - Dreams Diary
2025-06-14 20:32:12 INFO  LoggerHandler - Dream entries matched
2025-06-14 20:32:12 INFO  LoggerHandler - Validation Successful
2025-06-14 20:32:12 INFO  LoggerHandler - verified Successfully Dream Name
2025-06-14 20:32:12 INFO  LoggerHandler - verified Successfully Days Ago
2025-06-14 20:32:12 INFO  LoggerHandler - verified Successfully Dream Type
2025-06-14 20:32:18 INFO  LoggerHandler - Clicked on My Dreams Button
2025-06-14 20:32:18 INFO  LoggerHandler - Switched to Dream Title Tab
2025-06-14 20:32:19 INFO  LoggerHandler - Switched to Dream Diary Tab
2025-06-14 20:33:05 INFO  LoggerHandler - Clicked on My Dreams Button
2025-06-14 20:33:05 INFO  LoggerHandler - Dreams Diary
2025-06-14 20:33:05 INFO  LoggerHandler - Dream entries matched
2025-06-14 20:33:06 INFO  LoggerHandler - Validation Successful
2025-06-14 20:33:06 INFO  LoggerHandler - verified Successfully Dream Name
2025-06-14 20:33:06 INFO  LoggerHandler - verified Successfully Days Ago
2025-06-14 20:33:06 INFO  LoggerHandler - verified Successfully Dream Type
2025-06-14 20:33:12 INFO  LoggerHandler - Clicked on My Dreams Button
2025-06-14 20:33:12 INFO  LoggerHandler - Switched to Dream Title Tab
2025-06-14 20:33:13 INFO  LoggerHandler - Switched to Dream Diary Tab
2025-06-14 20:36:17 INFO  LoggerHandler - Clicked on My Dreams Button
2025-06-14 20:36:17 INFO  LoggerHandler - Dreams Diary
2025-06-14 20:36:17 INFO  LoggerHandler - Dream entries matched
2025-06-14 20:36:18 INFO  LoggerHandler - Validation Successful
2025-06-14 20:36:18 INFO  LoggerHandler - verified Successfully Dream Name
2025-06-14 20:36:18 INFO  LoggerHandler - verified Successfully Days Ago
2025-06-14 20:36:18 INFO  LoggerHandler - verified Successfully Dream Type
2025-06-14 20:36:25 INFO  LoggerHandler - Clicked on My Dreams Button
2025-06-14 20:36:25 INFO  LoggerHandler - Switched to Dream Title Tab
2025-06-14 20:36:25 INFO  LoggerHandler - Switched to Dream Diary Tab
2025-06-14 20:37:05 INFO  LoggerHandler - Loading Animation Visible
2025-06-14 20:37:08 INFO  LoggerHandler - Loading Animation Invisible
2025-06-14 20:37:08 INFO  LoggerHandler - Loader visible for: 3 seconds
2025-06-14 20:37:08 INFO  LoggerHandler - Loading animation is normal
2025-06-14 20:37:08 INFO  LoggerHandler - Clicked on My Dreams Button
2025-06-14 20:37:11 INFO  LoggerHandler - Dreams Diary
2025-06-14 20:37:18 INFO  LoggerHandler - Clicked on My Dreams Button
2025-06-14 20:37:18 INFO  LoggerHandler - Dreams Diary
2025-06-14 20:37:18 INFO  LoggerHandler - Dream entries matched
2025-06-14 20:37:19 INFO  LoggerHandler - Validation Successful
2025-06-14 20:37:19 INFO  LoggerHandler - verified Successfully Dream Name
2025-06-14 20:37:19 INFO  LoggerHandler - verified Successfully Days Ago
2025-06-14 20:37:19 INFO  LoggerHandler - verified Successfully Dream Type
2025-06-14 20:37:25 INFO  LoggerHandler - Clicked on My Dreams Button
2025-06-14 20:37:25 INFO  LoggerHandler - Switched to Dream Title Tab
2025-06-14 20:37:26 INFO  LoggerHandler - Switched to Dream Diary Tab
2025-06-14 23:46:18 INFO  LoggerHandler - Loading Animation Visible
2025-06-14 23:46:20 INFO  LoggerHandler - Loading Animation Invisible
2025-06-14 23:46:20 INFO  LoggerHandler - Loader visible for: 3 seconds
2025-06-14 23:46:20 INFO  LoggerHandler - Loading animation is normal
2025-06-14 23:46:21 INFO  LoggerHandler - Clicked on My Dreams Button
2025-06-14 23:46:24 INFO  LoggerHandler - Dreams Diary
2025-06-14 23:46:29 INFO  LoggerHandler - Clicked on My Dreams Button
2025-06-14 23:46:29 INFO  LoggerHandler - Dreams Diary
2025-06-14 23:46:29 INFO  LoggerHandler - Dream entries matched
2025-06-14 23:46:29 INFO  LoggerHandler - Validation Successful
2025-06-14 23:46:29 INFO  LoggerHandler - verified Successfully Dream Name
2025-06-14 23:46:29 INFO  LoggerHandler - verified Successfully Days Ago
2025-06-14 23:46:29 INFO  LoggerHandler - verified Successfully Dream Type
2025-06-14 23:46:35 INFO  LoggerHandler - Clicked on My Dreams Button
2025-06-14 23:46:35 INFO  LoggerHandler - Switched to Dream Title Tab
2025-06-14 23:46:35 INFO  LoggerHandler - Switched to Dream Diary Tab
2025-06-14 23:55:51 INFO  LoggerHandler - Loading Animation Visible
2025-06-14 23:55:53 INFO  LoggerHandler - Loading Animation Invisible
2025-06-14 23:55:53 INFO  LoggerHandler - Loader visible for: 3 seconds
2025-06-14 23:55:53 INFO  LoggerHandler - Loading animation is normal
2025-06-14 23:55:54 INFO  LoggerHandler - Clicked on My Dreams Button
2025-06-14 23:55:57 INFO  LoggerHandler - Dreams Diary
2025-06-14 23:56:02 INFO  LoggerHandler - Clicked on My Dreams Button
2025-06-14 23:56:02 INFO  LoggerHandler - Dreams Diary
2025-06-14 23:56:02 INFO  LoggerHandler - Dream entries matched
2025-06-14 23:56:02 INFO  LoggerHandler - Validation Successful
2025-06-14 23:56:02 INFO  LoggerHandler - verified Successfully Dream Name
2025-06-14 23:56:03 INFO  LoggerHandler - verified Successfully Days Ago
2025-06-14 23:56:03 INFO  LoggerHandler - verified Successfully Dream Type
2025-06-14 23:56:08 INFO  LoggerHandler - Clicked on My Dreams Button
2025-06-14 23:56:08 INFO  LoggerHandler - Switched to Dream Title Tab
2025-06-14 23:56:08 INFO  LoggerHandler - Switched to Dream Diary Tab
2025-06-15 00:13:00 INFO  LoggerHandler - Loading Animation Visible
2025-06-15 00:13:03 INFO  LoggerHandler - Loading Animation Invisible
2025-06-15 00:13:03 INFO  LoggerHandler - Loader visible for: 3 seconds
2025-06-15 00:13:03 INFO  LoggerHandler - Loading animation is normal
2025-06-15 00:13:03 INFO  LoggerHandler - Clicked on My Dreams Button
2025-06-15 00:13:06 INFO  LoggerHandler - Dreams Diary
2025-06-15 00:13:11 INFO  LoggerHandler - Clicked on My Dreams Button
2025-06-15 00:13:11 INFO  LoggerHandler - Dreams Diary
2025-06-15 00:13:11 INFO  LoggerHandler - Dream entries matched
2025-06-15 00:13:12 INFO  LoggerHandler - Validation Successful
2025-06-15 00:13:12 INFO  LoggerHandler - verified Successfully Dream Name
2025-06-15 00:13:12 INFO  LoggerHandler - verified Successfully Days Ago
2025-06-15 00:13:12 INFO  LoggerHandler - verified Successfully Dream Type
2025-06-15 00:13:17 INFO  LoggerHandler - Clicked on My Dreams Button
2025-06-15 00:13:17 INFO  LoggerHandler - Switched to Dream Title Tab
2025-06-15 00:13:17 INFO  LoggerHandler - Switched to Dream Diary Tab
2025-06-15 00:18:22 INFO  LoggerHandler - Loading Animation Visible
2025-06-15 00:18:25 INFO  LoggerHandler - Loading Animation Invisible
2025-06-15 00:18:25 INFO  LoggerHandler - Loader visible for: 3 seconds
2025-06-15 00:18:25 INFO  LoggerHandler - Loading animation is normal
2025-06-15 00:18:25 INFO  LoggerHandler - Clicked on My Dreams Button
2025-06-15 00:18:28 INFO  LoggerHandler - Dreams Diary
2025-06-15 00:18:33 INFO  LoggerHandler - Clicked on My Dreams Button
2025-06-15 00:18:34 INFO  LoggerHandler - Dreams Diary
2025-06-15 00:18:34 INFO  LoggerHandler - Dream entries matched
2025-06-15 00:18:34 INFO  LoggerHandler - Validation Successful
2025-06-15 00:18:34 INFO  LoggerHandler - verified Successfully Dream Name
2025-06-15 00:18:34 INFO  LoggerHandler - verified Successfully Days Ago
2025-06-15 00:18:34 INFO  LoggerHandler - verified Successfully Dream Type
2025-06-15 00:18:39 INFO  LoggerHandler - Clicked on My Dreams Button
2025-06-15 00:18:39 INFO  LoggerHandler - Switched to Dream Title Tab
2025-06-15 00:18:39 INFO  LoggerHandler - Switched to Dream Diary Tab
2025-06-15 00:50:53 INFO  LoggerHandler - Loading Animation Visible
2025-06-15 00:50:56 INFO  LoggerHandler - Loading Animation Invisible
2025-06-15 00:50:56 INFO  LoggerHandler - Loader visible for: 3 seconds
2025-06-15 00:50:56 INFO  LoggerHandler - Loading animation is normal
2025-06-15 00:50:56 INFO  LoggerHandler - Clicked on My Dreams Button
2025-06-15 00:50:59 INFO  LoggerHandler - Dreams Diary
2025-06-15 00:51:05 INFO  LoggerHandler - Clicked on My Dreams Button
2025-06-15 00:51:06 INFO  LoggerHandler - Dreams Diary
2025-06-15 00:51:06 INFO  LoggerHandler - Dream entries matched
2025-06-15 00:51:06 INFO  LoggerHandler - Validation Successful
2025-06-15 00:51:06 INFO  LoggerHandler - verified Successfully Dream Name
2025-06-15 00:51:06 INFO  LoggerHandler - verified Successfully Days Ago
2025-06-15 00:51:06 INFO  LoggerHandler - verified Successfully Dream Type
2025-06-15 00:51:13 INFO  LoggerHandler - Clicked on My Dreams Button
2025-06-15 00:51:13 INFO  LoggerHandler - Switched to Dream Title Tab
2025-06-15 00:51:13 INFO  LoggerHandler - Switched to Dream Diary Tab
2025-06-15 11:48:30 INFO  LoggerHandler - Loading Animation Visible
2025-06-15 11:48:32 INFO  LoggerHandler - Loading Animation Invisible
2025-06-15 11:48:32 INFO  LoggerHandler - Loader visible for: 3 seconds
2025-06-15 11:48:32 INFO  LoggerHandler - Loading animation is normal
2025-06-15 11:48:33 INFO  LoggerHandler - Clicked on My Dreams Button
2025-06-15 11:48:36 INFO  LoggerHandler - Dreams Diary
2025-06-15 11:48:43 INFO  LoggerHandler - Clicked on My Dreams Button
2025-06-15 11:48:43 INFO  LoggerHandler - Dreams Diary
2025-06-15 11:48:43 INFO  LoggerHandler - Dream entries validated
2025-06-15 11:48:44 INFO  LoggerHandler - Dream Types validation successful.
2025-06-15 11:48:44 INFO  LoggerHandler - Verified successfully Dream Name
2025-06-15 11:48:44 INFO  LoggerHandler - Verified successfully Days Ago
2025-06-15 11:48:44 INFO  LoggerHandler - Verified successfully Dream Type
2025-06-15 11:48:50 INFO  LoggerHandler - Clicked on My Dreams Button
2025-06-15 11:48:50 INFO  LoggerHandler - Switched to Dream Total Tab
2025-06-15 11:48:51 INFO  LoggerHandler - Good Dreams count is correct
2025-06-15 11:48:51 INFO  LoggerHandler - Bad Dreams count is correct
2025-06-15 11:48:51 INFO  LoggerHandler - Total Dreams count is correct
2025-06-15 11:48:51 INFO  LoggerHandler - Recurring Dreams count is correct
2025-06-15 11:48:51 INFO  LoggerHandler - Switched to Dream Diary Tab
2025-06-15 11:56:05 INFO  LoggerHandler - Loading Animation Visible
2025-06-15 11:56:08 INFO  LoggerHandler - Loading Animation Invisible
2025-06-15 11:56:08 INFO  LoggerHandler - Loader visible for: 3 seconds
2025-06-15 11:56:08 INFO  LoggerHandler - Loading animation is normal
2025-06-15 11:56:08 INFO  LoggerHandler - Clicked on My Dreams Button
2025-06-15 11:56:11 INFO  LoggerHandler - Dreams Diary
2025-06-15 11:56:17 INFO  LoggerHandler - Clicked on My Dreams Button
2025-06-15 11:56:17 INFO  LoggerHandler - Dreams Diary
2025-06-15 11:56:17 INFO  LoggerHandler - Dream entries validated
2025-06-15 11:56:17 INFO  LoggerHandler - Dream Types validation successful.
2025-06-15 11:56:17 INFO  LoggerHandler - Verified successfully Dream Name
2025-06-15 11:56:17 INFO  LoggerHandler - Verified successfully Days Ago
2025-06-15 11:56:17 INFO  LoggerHandler - Verified successfully Dream Type
2025-06-15 11:56:22 INFO  LoggerHandler - Clicked on My Dreams Button
2025-06-15 11:56:22 INFO  LoggerHandler - Switched to Dream Total Tab
2025-06-15 11:56:23 INFO  LoggerHandler - Good Dreams count is correct
2025-06-15 11:56:23 INFO  LoggerHandler - Bad Dreams count is correct
2025-06-15 11:56:23 INFO  LoggerHandler - Total Dreams count is correct
2025-06-15 11:56:23 INFO  LoggerHandler - Recurring Dreams count is correct
2025-06-15 11:56:23 INFO  LoggerHandler - Switched to Dream Diary Tab
2025-06-15 12:16:32 INFO  LoggerHandler - Loading Animation Visible
2025-06-15 12:16:34 INFO  LoggerHandler - Loading Animation Invisible
2025-06-15 12:16:34 INFO  LoggerHandler - Loader visible for: 3 seconds
2025-06-15 12:16:34 INFO  LoggerHandler - Loading animation is normal
2025-06-15 12:16:35 INFO  LoggerHandler - Clicked on My Dreams Button
2025-06-15 12:16:38 INFO  LoggerHandler - Dreams Diary
2025-06-15 12:16:44 INFO  LoggerHandler - Clicked on My Dreams Button
2025-06-15 12:16:44 INFO  LoggerHandler - Dreams Diary
2025-06-15 12:16:44 INFO  LoggerHandler - Dream entries validated
2025-06-15 12:16:44 INFO  LoggerHandler - Dream Types validation successful.
2025-06-15 12:16:44 INFO  LoggerHandler - Verified successfully Dream Name
2025-06-15 12:16:44 INFO  LoggerHandler - Verified successfully Days Ago
2025-06-15 12:16:45 INFO  LoggerHandler - Verified successfully Dream Type
2025-06-15 12:16:50 INFO  LoggerHandler - Clicked on My Dreams Button
2025-06-15 12:16:50 INFO  LoggerHandler - Switched to Dream Total Tab
2025-06-15 12:16:51 INFO  LoggerHandler - Good Dreams count is correct
2025-06-15 12:16:51 INFO  LoggerHandler - Bad Dreams count is correct
2025-06-15 12:16:51 INFO  LoggerHandler - Total Dreams count is correct
2025-06-15 12:16:51 INFO  LoggerHandler - Recurring Dreams count is correct
2025-06-15 12:16:51 INFO  LoggerHandler - Switched to Dream Diary Tab
2025-06-15 12:27:29 INFO  LoggerHandler - Loading Animation Visible
2025-06-15 12:27:32 INFO  LoggerHandler - Loading Animation Invisible
2025-06-15 12:27:32 INFO  LoggerHandler - Loader visible for: 3 seconds
2025-06-15 12:27:32 INFO  LoggerHandler - Loading animation is normal
2025-06-15 12:27:32 INFO  LoggerHandler - Clicked on My Dreams Button
2025-06-15 12:27:35 INFO  LoggerHandler - Dreams Diary
2025-06-15 12:27:41 INFO  LoggerHandler - Clicked on My Dreams Button
2025-06-15 12:27:41 INFO  LoggerHandler - Dreams Diary
2025-06-15 12:27:41 INFO  LoggerHandler - Dream entries validated
2025-06-15 12:27:41 INFO  LoggerHandler - Dream Types validation successful.
2025-06-15 12:27:42 INFO  LoggerHandler - Verified successfully Dream Name
2025-06-15 12:27:42 INFO  LoggerHandler - Verified successfully Days Ago
2025-06-15 12:27:42 INFO  LoggerHandler - Verified successfully Dream Type
2025-06-15 12:27:47 INFO  LoggerHandler - Clicked on My Dreams Button
2025-06-15 12:27:47 INFO  LoggerHandler - Switched to Dream Total Tab
2025-06-15 12:27:47 INFO  LoggerHandler - Good Dreams count is correct
2025-06-15 12:27:47 INFO  LoggerHandler - Bad Dreams count is correct
2025-06-15 12:27:47 INFO  LoggerHandler - Total Dreams count is correct
2025-06-15 12:27:47 INFO  LoggerHandler - Recurring Dreams count is correct
2025-06-15 12:27:47 INFO  LoggerHandler - Switched to Dream Diary Tab
